<?xml version="1.0" encoding="UTF-8"?>
<testng-results ignored="0" total="1" passed="1" failed="0" skipped="0">
  <reporter-output>
  </reporter-output>
  <suite started-at="2022-03-20T13:05:10 IST" name="Default suite" finished-at="2022-03-20T13:05:21 IST" duration-ms="10779">
    <groups>
    </groups>
    <test started-at="2022-03-20T13:05:10 IST" name="Default test" finished-at="2022-03-20T13:05:21 IST" duration-ms="10779">
      <class name="com.neo.bank.testcase.TestCase">
        <test-method is-config="true" signature="setup()[pri:0, instance:com.neo.bank.testcase.TestCase@66f57048]" started-at="2022-03-20T13:05:10 IST" name="setup" finished-at="2022-03-20T13:05:14 IST" duration-ms="3909" status="PASS">
          <reporter-output>
          </reporter-output>
        </test-method> <!-- setup -->
        <test-method signature="test()[pri:0, instance:com.neo.bank.testcase.TestCase@66f57048]" started-at="2022-03-20T13:05:14 IST" name="test" finished-at="2022-03-20T13:05:20 IST" duration-ms="6266" status="PASS">
          <reporter-output>
          </reporter-output>
        </test-method> <!-- test -->
        <test-method is-config="true" signature="tearDown()[pri:0, instance:com.neo.bank.testcase.TestCase@66f57048]" started-at="2022-03-20T13:05:20 IST" name="tearDown" finished-at="2022-03-20T13:05:21 IST" duration-ms="526" status="PASS">
          <reporter-output>
          </reporter-output>
        </test-method> <!-- tearDown -->
      </class> <!-- com.neo.bank.testcase.TestCase -->
    </test> <!-- Default test -->
  </suite> <!-- Default suite -->
</testng-results>
